Using pre-set license
Built from '2022.3/staging' branch; Version is '2022.3.3f1 (7cdc2969a641) revision 8182825'; Using compiler version '192829333'; Build Type 'Release'
OS: 'Windows 11  (10.0.22000) 64bit Professional' Language: 'en' Physical Memory: 16251 MB
BatchMode: 1, IsHumanControllingUs: 0, StartBugReporterOnCrash: 0, Is64bit: 1, IsPro: 1

COMMAND LINE ARGUMENTS:
C:\Program Files\Unity\Hub\Editor\2022.3.3f1\Editor\Unity.exe
-adb2
-batchMode
-noUpm
-name
AssetImportWorker0
-projectPath
C:/Users/Gigabyte/Shooting_Game(EMC201_Project)
-logFile
Logs/AssetImportWorker0.log
-srvPort
51306
Successfully changed project path to: C:/Users/Gigabyte/Shooting_Game(EMC201_Project)
C:/Users/Gigabyte/Shooting_Game(EMC201_Project)
[UnityMemory] Configuration Parameters - Can be set up in boot.config
    "memorysetup-bucket-allocator-granularity=16"
    "memorysetup-bucket-allocator-bucket-count=8"
    "memorysetup-bucket-allocator-block-size=33554432"
    "memorysetup-bucket-allocator-block-count=8"
    "memorysetup-main-allocator-block-size=16777216"
    "memorysetup-thread-allocator-block-size=16777216"
    "memorysetup-gfx-main-allocator-block-size=16777216"
    "memorysetup-gfx-thread-allocator-block-size=16777216"
    "memorysetup-cache-allocator-block-size=4194304"
    "memorysetup-typetree-allocator-block-size=2097152"
    "memorysetup-profiler-bucket-allocator-granularity=16"
    "memorysetup-profiler-bucket-allocator-bucket-count=8"
    "memorysetup-profiler-bucket-allocator-block-size=33554432"
    "memorysetup-profiler-bucket-allocator-block-count=8"
    "memorysetup-profiler-allocator-block-size=16777216"
    "memorysetup-profiler-editor-allocator-block-size=1048576"
    "memorysetup-temp-allocator-size-main=16777216"
    "memorysetup-job-temp-allocator-block-size=2097152"
    "memorysetup-job-temp-allocator-block-size-background=1048576"
    "memorysetup-job-temp-allocator-reduction-small-platforms=262144"
    "memorysetup-allocator-temp-initial-block-size-main=262144"
    "memorysetup-allocator-temp-initial-block-size-worker=262144"
    "memorysetup-temp-allocator-size-background-worker=32768"
    "memorysetup-temp-allocator-size-job-worker=262144"
    "memorysetup-temp-allocator-size-preload-manager=33554432"
    "memorysetup-temp-allocator-size-nav-mesh-worker=65536"
    "memorysetup-temp-allocator-size-audio-worker=65536"
    "memorysetup-temp-allocator-size-cloud-worker=32768"
    "memorysetup-temp-allocator-size-gi-baking-worker=262144"
    "memorysetup-temp-allocator-size-gfx=262144"
Player connection [18408] Host "[IP] 192.168.100.22 [Port] 0 [Flags] 2 [Guid] 1398139126 [EditorId] 1398139126 [Version] 1048832 [Id] WindowsEditor(7,DESKTOP-MBVPMPE) [Debug] 1 [PackageName] WindowsEditor [ProjectName] Editor" joined multi-casting on [225.0.0.222:54997]...

Player connection [18408] Host "[IP] 192.168.100.22 [Port] 0 [Flags] 2 [Guid] 1398139126 [EditorId] 1398139126 [Version] 1048832 [Id] WindowsEditor(7,DESKTOP-MBVPMPE) [Debug] 1 [PackageName] WindowsEditor [ProjectName] Editor" joined alternative multi-casting on [225.0.0.222:34997]...

Refreshing native plugins compatible for Editor in 8.34 ms, found 4 plugins.
Preloading 0 native plugins for Editor in 0.00 ms.
Initialize engine version: 2022.3.3f1 (7cdc2969a641)
[Subsystems] Discovering subsystems at path C:/Program Files/Unity/Hub/Editor/2022.3.3f1/Editor/Data/Resources/UnitySubsystems
[Subsystems] Discovering subsystems at path C:/Users/Gigabyte/Shooting_Game(EMC201_Project)/Assets
GfxDevice: creating device client; threaded=0; jobified=0
Direct3D:
    Version:  Direct3D 11.0 [level 11.1]
    Renderer: NVIDIA GeForce GTX 1660 SUPER (ID=0x21c4)
    Vendor:   NVIDIA
    VRAM:     5980 MB
    Driver:   31.0.15.3640
Initialize mono
Mono path[0] = 'C:/Program Files/Unity/Hub/Editor/2022.3.3f1/Editor/Data/Managed'
Mono path[1] = 'C:/Program Files/Unity/Hub/Editor/2022.3.3f1/Editor/Data/MonoBleedingEdge/lib/mono/unityjit-win32'
Mono config path = 'C:/Program Files/Unity/Hub/Editor/2022.3.3f1/Editor/Data/MonoBleedingEdge/etc'
Using monoOptions --debugger-agent=transport=dt_socket,embedding=1,server=y,suspend=n,address=127.0.0.1:56780
Begin MonoManager ReloadAssembly
Registering precompiled unity dll's ...
Register platform support module: C:/Program Files/Unity/Hub/Editor/2022.3.3f1/Editor/Data/PlaybackEngines/WindowsStandaloneSupport/UnityEditor.WindowsStandalone.Extensions.dll
Registered in 0.004642 seconds.
- Loaded All Assemblies, in  0.261 seconds
Native extension for WindowsStandalone target not found
Mono: successfully reloaded assembly
- Finished resetting the current domain, in  0.207 seconds
Domain Reload Profiling: 466ms
	BeginReloadAssembly (71ms)
		ExecutionOrderSort (0ms)
		DisableScriptedObjects (0ms)
		BackupInstance (0ms)
		ReleaseScriptingObjects (0ms)
		CreateAndSetChildDomain (1ms)
	RebuildCommonClasses (27ms)
	RebuildNativeTypeToScriptingClass (8ms)
	initialDomainReloadingComplete (43ms)
	LoadAllAssembliesAndSetupDomain (110ms)
		LoadAssemblies (69ms)
		RebuildTransferFunctionScriptingTraits (0ms)
		AnalyzeDomain (106ms)
			TypeCache.Refresh (105ms)
				TypeCache.ScanAssembly (94ms)
			ScanForSourceGeneratedMonoScriptInfo (0ms)
			ResolveRequiredComponents (0ms)
	FinalizeReload (207ms)
		ReleaseScriptCaches (0ms)
		RebuildScriptCaches (0ms)
		SetupLoadedEditorAssemblies (156ms)
			LogAssemblyErrors (0ms)
			InitializePlatformSupportModulesInManaged (7ms)
			SetLoadedEditorAssemblies (6ms)
			RefreshPlugins (0ms)
			BeforeProcessingInitializeOnLoad (2ms)
			ProcessInitializeOnLoadAttributes (105ms)
			ProcessInitializeOnLoadMethodAttributes (36ms)
			AfterProcessingInitializeOnLoad (0ms)
			EditorAssembliesLoaded (0ms)
		ExecutionOrderSort2 (0ms)
		AwakeInstancesAfterBackupRestoration (0ms)
========================================================================
Worker process is ready to serve import requests
Begin MonoManager ReloadAssembly
Symbol file LoadedFromMemory doesn't match image C:\Users\Gigabyte\Shooting_Game(EMC201_Project)\Library\PackageCache\com.unity.visualscripting@1.8.0\Editor\VisualScripting.Core\Dependencies\YamlDotNet\Unity.VisualScripting.YamlDotNet.dll
Symbol file LoadedFromMemory doesn't match image C:\Users\Gigabyte\Shooting_Game(EMC201_Project)\Library\PackageCache\com.unity.visualscripting@1.8.0\Editor\VisualScripting.Core\Dependencies\DotNetZip\Unity.VisualScripting.IonicZip.dll
- Loaded All Assemblies, in  0.540 seconds
Refreshing native plugins compatible for Editor in 6.57 ms, found 4 plugins.
Native extension for WindowsStandalone target not found
Mono: successfully reloaded assembly
- Finished resetting the current domain, in  0.413 seconds
Domain Reload Profiling: 949ms
	BeginReloadAssembly (94ms)
		ExecutionOrderSort (0ms)
		DisableScriptedObjects (4ms)
		BackupInstance (0ms)
		ReleaseScriptingObjects (0ms)
		CreateAndSetChildDomain (15ms)
	RebuildCommonClasses (24ms)
	RebuildNativeTypeToScriptingClass (7ms)
	initialDomainReloadingComplete (33ms)
	LoadAllAssembliesAndSetupDomain (378ms)
		LoadAssemblies (208ms)
		RebuildTransferFunctionScriptingTraits (0ms)
		AnalyzeDomain (214ms)
			TypeCache.Refresh (194ms)
				TypeCache.ScanAssembly (184ms)
			ScanForSourceGeneratedMonoScriptInfo (17ms)
			ResolveRequiredComponents (3ms)
	FinalizeReload (414ms)
		ReleaseScriptCaches (0ms)
		RebuildScriptCaches (0ms)
		SetupLoadedEditorAssemblies (292ms)
			LogAssemblyErrors (0ms)
			InitializePlatformSupportModulesInManaged (5ms)
			SetLoadedEditorAssemblies (3ms)
			RefreshPlugins (0ms)
			BeforeProcessingInitializeOnLoad (55ms)
			ProcessInitializeOnLoadAttributes (199ms)
			ProcessInitializeOnLoadMethodAttributes (27ms)
			AfterProcessingInitializeOnLoad (5ms)
			EditorAssembliesLoaded (0ms)
		ExecutionOrderSort2 (0ms)
		AwakeInstancesAfterBackupRestoration (7ms)
Launched and connected shader compiler UnityShaderCompiler.exe after 0.03 seconds
Refreshing native plugins compatible for Editor in 4.29 ms, found 4 plugins.
Preloading 0 native plugins for Editor in 0.00 ms.
Unloading 3998 Unused Serialized files (Serialized files now loaded: 0)
Unloading 69 unused Assets / (245.2 KB). Loaded Objects now: 4456.
Memory consumption went from 138.8 MB to 138.6 MB.
Total: 3.002600 ms (FindLiveObjects: 0.202700 ms CreateObjectMapping: 0.120900 ms MarkObjects: 2.487500 ms  DeleteObjects: 0.190400 ms)

AssetImportParameters requested are different than current active one (requested -> active):
  custom:container-demuxer-ogg: 62fdf1f143b41e24485cea50d1cbac27 -> 
  custom:video-decoder-ogg-theora: a1e56fd34408186e4bbccfd4996cb3dc -> 
  custom:framework-win-MediaFoundation: 216162199b28c13a410421893ffa2e32 -> 
  custom:container-demuxer-webm: 4f35f7cbe854078d1ac9338744f61a02 -> 
  custom:container-muxer-webm: aa71ff27fc2769a1b78a27578f13a17b -> 
  custom:video-decoder-webm-vp8: 9c59270c3fd7afecdb556c50c9e8de78 -> 
  custom:AudioImporter_EditorPlatform: d09bf68614088b80899f8185d706f6e7 -> 
  custom:video-encoder-webm-vp8: eb34c28f22e8b96e1ab97ce403110664 -> 
  custom:audio-decoder-ogg-vorbis: bf7c407c2cedff20999df2af8eb42d56 -> 
  custom:audio-encoder-webm-vorbis: bf7c407c2cedff20999df2af8eb42d56 -> 
========================================================================
Received Import Request.
  Time since last request: 95567.725514 seconds.
  path: Assets
  artifactKey: Guid(00000000000000001000000000000000) Importer(815301076,1909f56bfc062723c751e8b465ee728b)
Start importing Assets using Guid(00000000000000001000000000000000) Importer(815301076,1909f56bfc062723c751e8b465ee728b)  -> (artifact id: '8a4fe85251aa2e89732c359432baa2c3') in 0.002056 seconds
Number of updated asset objects reloaded before import = 0
Number of asset objects unloaded after import = 0
========================================================================
Received Import Request.
  Time since last request: 2.001114 seconds.
  path: Assets/Scripts
  artifactKey: Guid(f416dfd92a6742845a965e4c5700c7d1) Importer(815301076,1909f56bfc062723c751e8b465ee728b)
Start importing Assets/Scripts using Guid(f416dfd92a6742845a965e4c5700c7d1) Importer(815301076,1909f56bfc062723c751e8b465ee728b)  -> (artifact id: '633367be8c1cec0c7d04fafeff01f59e') in 0.000831 seconds
Number of updated asset objects reloaded before import = 0
Number of asset objects unloaded after import = 0
========================================================================
Received Import Request.
  Time since last request: 9.898902 seconds.
  path: Assets/Sprites
  artifactKey: Guid(b0655eb41c6a99b49ad5a371648088a9) Importer(815301076,1909f56bfc062723c751e8b465ee728b)
Start importing Assets/Sprites using Guid(b0655eb41c6a99b49ad5a371648088a9) Importer(815301076,1909f56bfc062723c751e8b465ee728b)  -> (artifact id: 'bb476977cfb83c5189c00a981dc929e8') in 0.000596 seconds
Number of updated asset objects reloaded before import = 0
Number of asset objects unloaded after import = 0
========================================================================
Received Import Request.
  Time since last request: 101.667454 seconds.
  path: Assets/Sprites/Foozle_2DS0016_Void_PickupsPack
  artifactKey: Guid(4b25ec0ed16719342a6759d84de7eccd) Importer(815301076,1909f56bfc062723c751e8b465ee728b)
Start importing Assets/Sprites/Foozle_2DS0016_Void_PickupsPack using Guid(4b25ec0ed16719342a6759d84de7eccd) Importer(815301076,1909f56bfc062723c751e8b465ee728b)  -> (artifact id: 'a893ee34e68beb01c721d32f7f442782') in 0.000565 seconds
Number of updated asset objects reloaded before import = 0
Number of asset objects unloaded after import = 0
========================================================================
Received Import Request.
  Time since last request: 0.951226 seconds.
  path: Assets/Sprites/Foozle_2DS0015_Void_EnvironmentPack
  artifactKey: Guid(8ea32764a0885e648bfac9d6f3510c9d) Importer(815301076,1909f56bfc062723c751e8b465ee728b)
Start importing Assets/Sprites/Foozle_2DS0015_Void_EnvironmentPack using Guid(8ea32764a0885e648bfac9d6f3510c9d) Importer(815301076,1909f56bfc062723c751e8b465ee728b)  -> (artifact id: 'bd937ca694048cfdff9f5ac15c22c580') in 0.000405 seconds
Number of updated asset objects reloaded before import = 0
Number of asset objects unloaded after import = 0
========================================================================
Received Import Request.
  Time since last request: 1.030803 seconds.
  path: Assets/Sprites/Foozle_2DS0011_Void_MainShip
  artifactKey: Guid(04bf35d0139f68442af5e6f51986c36b) Importer(815301076,1909f56bfc062723c751e8b465ee728b)
Start importing Assets/Sprites/Foozle_2DS0011_Void_MainShip using Guid(04bf35d0139f68442af5e6f51986c36b) Importer(815301076,1909f56bfc062723c751e8b465ee728b)  -> (artifact id: 'aa1b228fc7b99822b5db390eb6a9bd2e') in 0.000410 seconds
Number of updated asset objects reloaded before import = 0
Number of asset objects unloaded after import = 0
========================================================================
Received Import Request.
  Time since last request: 1.767022 seconds.
  path: Assets/Sprites/Foozle_2DS0011_Void_MainShip/Main Ship
  artifactKey: Guid(7b33ceb4f8176bc4fa978c65aa9f04ee) Importer(815301076,1909f56bfc062723c751e8b465ee728b)
Start importing Assets/Sprites/Foozle_2DS0011_Void_MainShip/Main Ship using Guid(7b33ceb4f8176bc4fa978c65aa9f04ee) Importer(815301076,1909f56bfc062723c751e8b465ee728b)  -> (artifact id: 'f11a5e09ec103742460e33f3af2bd02b') in 0.000445 seconds
Number of updated asset objects reloaded before import = 0
Number of asset objects unloaded after import = 0
========================================================================
Received Import Request.
  Time since last request: 0.863336 seconds.
  path: Assets/Sprites/Foozle_2DS0011_Void_MainShip/Main ship weapons
  artifactKey: Guid(3d178e0a65518a145adbf58c066f8293) Importer(815301076,1909f56bfc062723c751e8b465ee728b)
Start importing Assets/Sprites/Foozle_2DS0011_Void_MainShip/Main ship weapons using Guid(3d178e0a65518a145adbf58c066f8293) Importer(815301076,1909f56bfc062723c751e8b465ee728b)  -> (artifact id: '01823b126c9a6bff9328ebec12d68f59') in 0.000374 seconds
Number of updated asset objects reloaded before import = 0
Number of asset objects unloaded after import = 0
========================================================================
Received Import Request.
  Time since last request: 0.825877 seconds.
  path: Assets/Sprites/Foozle_2DS0011_Void_MainShip/Main Ship/Main Ship - Fighter Design.aseprite
  artifactKey: Guid(64fcf571d4dbba14ea5e6a5f3b7d3c1b) Importer(815301076,1909f56bfc062723c751e8b465ee728b)
Start importing Assets/Sprites/Foozle_2DS0011_Void_MainShip/Main Ship/Main Ship - Fighter Design.aseprite using Guid(64fcf571d4dbba14ea5e6a5f3b7d3c1b) Importer(815301076,1909f56bfc062723c751e8b465ee728b)  -> (artifact id: 'a26bea5af76e494059e3d08b7104dda9') in 0.146438 seconds
Internal: There are remaining Allocations on the JobTempAlloc. This is a leak, and will impact performance
To Debug, run app with -diag-job-temp-memory-leak-validation cmd line argument. This will output the callstacks of the leaked allocations.
Number of updated asset objects reloaded before import = 0
Number of asset objects unloaded after import = 15
========================================================================
Received Import Request.
  Time since last request: 11.906035 seconds.
  path: Assets/Sprites/Foozle_2DS0011_Void_MainShip/Main Ship/Main Ship - Weapons
  artifactKey: Guid(702777b29e712094f8c2605cb39c529b) Importer(815301076,1909f56bfc062723c751e8b465ee728b)
Start importing Assets/Sprites/Foozle_2DS0011_Void_MainShip/Main Ship/Main Ship - Weapons using Guid(702777b29e712094f8c2605cb39c529b) Importer(815301076,1909f56bfc062723c751e8b465ee728b)  -> (artifact id: 'dee6c39e9d4fd82726fa3e0c2c479041') in 0.000612 seconds
Internal: There are remaining Allocations on the JobTempAlloc. This is a leak, and will impact performance
To Debug, run app with -diag-job-temp-memory-leak-validation cmd line argument. This will output the callstacks of the leaked allocations.
Number of updated asset objects reloaded before import = 0
Number of asset objects unloaded after import = 0
========================================================================
Received Import Request.
  Time since last request: 3.668712 seconds.
  path: Assets/Sprites/Foozle_2DS0011_Void_MainShip/Main Ship/Main Ship - Weapons/PNGs
  artifactKey: Guid(b8e717b2459405d4b91b6c5b832a9454) Importer(815301076,1909f56bfc062723c751e8b465ee728b)
Start importing Assets/Sprites/Foozle_2DS0011_Void_MainShip/Main Ship/Main Ship - Weapons/PNGs using Guid(b8e717b2459405d4b91b6c5b832a9454) Importer(815301076,1909f56bfc062723c751e8b465ee728b)  -> (artifact id: '852af7fac26d4a1b0a3098563569e800') in 0.000369 seconds
Internal: There are remaining Allocations on the JobTempAlloc. This is a leak, and will impact performance
To Debug, run app with -diag-job-temp-memory-leak-validation cmd line argument. This will output the callstacks of the leaked allocations.
Number of updated asset objects reloaded before import = 0
Number of asset objects unloaded after import = 0
========================================================================
Received Import Request.
  Time since last request: 0.122930 seconds.
  path: Assets/Sprites/Foozle_2DS0011_Void_MainShip/Main Ship/Main Ship - Weapons/PNGs/Main Ship - Weapons - Auto Cannon.png
  artifactKey: Guid(49b2b427a5e3b244fa2dab7649cace7e) Importer(815301076,1909f56bfc062723c751e8b465ee728b)
Start importing Assets/Sprites/Foozle_2DS0011_Void_MainShip/Main Ship/Main Ship - Weapons/PNGs/Main Ship - Weapons - Auto Cannon.png using Guid(49b2b427a5e3b244fa2dab7649cace7e) Importer(815301076,1909f56bfc062723c751e8b465ee728b)  -> (artifact id: '615cf73ac094e2672f6a3ec87c24b942') in 0.013227 seconds
Internal: There are remaining Allocations on the JobTempAlloc. This is a leak, and will impact performance
To Debug, run app with -diag-job-temp-memory-leak-validation cmd line argument. This will output the callstacks of the leaked allocations.
Number of updated asset objects reloaded before import = 0
Number of asset objects unloaded after import = 3
========================================================================
Received Import Request.
  Time since last request: 0.000014 seconds.
  path: Assets/Sprites/Foozle_2DS0011_Void_MainShip/Main Ship/Main Ship - Weapons/PNGs/Main Ship - Weapons - Rockets.png
  artifactKey: Guid(942c32a21f013d24bb455f01e170d3cc) Importer(815301076,1909f56bfc062723c751e8b465ee728b)
Start importing Assets/Sprites/Foozle_2DS0011_Void_MainShip/Main Ship/Main Ship - Weapons/PNGs/Main Ship - Weapons - Rockets.png using Guid(942c32a21f013d24bb455f01e170d3cc) Importer(815301076,1909f56bfc062723c751e8b465ee728b)  -> (artifact id: 'b31604359b5c6d552d490c4b23d4fb8c') in 0.011775 seconds
Internal: There are remaining Allocations on the JobTempAlloc. This is a leak, and will impact performance
To Debug, run app with -diag-job-temp-memory-leak-validation cmd line argument. This will output the callstacks of the leaked allocations.
Number of updated asset objects reloaded before import = 0
Number of asset objects unloaded after import = 3
========================================================================
Received Import Request.
  Time since last request: 0.000013 seconds.
  path: Assets/Sprites/Foozle_2DS0011_Void_MainShip/Main Ship/Main Ship - Weapons/PNGs/Main Ship - Weapons - Zapper.png
  artifactKey: Guid(6de8cd042eea3384ba75e08ff4c5e62d) Importer(815301076,1909f56bfc062723c751e8b465ee728b)
Start importing Assets/Sprites/Foozle_2DS0011_Void_MainShip/Main Ship/Main Ship - Weapons/PNGs/Main Ship - Weapons - Zapper.png using Guid(6de8cd042eea3384ba75e08ff4c5e62d) Importer(815301076,1909f56bfc062723c751e8b465ee728b)  -> (artifact id: '5450638089b860505765620fa2496e52') in 0.007921 seconds
Internal: There are remaining Allocations on the JobTempAlloc. This is a leak, and will impact performance
To Debug, run app with -diag-job-temp-memory-leak-validation cmd line argument. This will output the callstacks of the leaked allocations.
Number of updated asset objects reloaded before import = 0
Number of asset objects unloaded after import = 3
========================================================================
Received Import Request.
  Time since last request: 3.088899 seconds.
  path: Assets/Sprites/Foozle_2DS0011_Void_MainShip/Main Ship/Main Ship - Shields
  artifactKey: Guid(26f8a1a8b3eaeca4f9050786cfd6f28b) Importer(815301076,1909f56bfc062723c751e8b465ee728b)
Start importing Assets/Sprites/Foozle_2DS0011_Void_MainShip/Main Ship/Main Ship - Shields using Guid(26f8a1a8b3eaeca4f9050786cfd6f28b) Importer(815301076,1909f56bfc062723c751e8b465ee728b)  -> (artifact id: '27c0f28cd392921544521cf70db0b44d') in 0.000537 seconds
Internal: There are remaining Allocations on the JobTempAlloc. This is a leak, and will impact performance
To Debug, run app with -diag-job-temp-memory-leak-validation cmd line argument. This will output the callstacks of the leaked allocations.
Number of updated asset objects reloaded before import = 0
Number of asset objects unloaded after import = 0
========================================================================
Received Import Request.
  Time since last request: 1.239443 seconds.
  path: Assets/Sprites/Foozle_2DS0011_Void_MainShip/Main Ship/Main Ship - Shields/Aseprite
  artifactKey: Guid(188f2789c89f38a4ab5a0361a390ab1c) Importer(815301076,1909f56bfc062723c751e8b465ee728b)
Start importing Assets/Sprites/Foozle_2DS0011_Void_MainShip/Main Ship/Main Ship - Shields/Aseprite using Guid(188f2789c89f38a4ab5a0361a390ab1c) Importer(815301076,1909f56bfc062723c751e8b465ee728b)  -> (artifact id: '673906cc3240eb065ae2121511d92655') in 0.000679 seconds
Internal: There are remaining Allocations on the JobTempAlloc. This is a leak, and will impact performance
To Debug, run app with -diag-job-temp-memory-leak-validation cmd line argument. This will output the callstacks of the leaked allocations.
Number of updated asset objects reloaded before import = 0
Number of asset objects unloaded after import = 0
========================================================================
Received Import Request.
  Time since last request: 0.084001 seconds.
  path: Assets/Sprites/Foozle_2DS0011_Void_MainShip/Main Ship/Main Ship - Shields/Aseprite/Main Ship - Shields - Front and Side Shield.aseprite
  artifactKey: Guid(89c7d1505a9e33047803e6305724f377) Importer(815301076,1909f56bfc062723c751e8b465ee728b)
Start importing Assets/Sprites/Foozle_2DS0011_Void_MainShip/Main Ship/Main Ship - Shields/Aseprite/Main Ship - Shields - Front and Side Shield.aseprite using Guid(89c7d1505a9e33047803e6305724f377) Importer(815301076,1909f56bfc062723c751e8b465ee728b)  -> (artifact id: '755c97b72c20ada0710fe39f636095c9') in 0.048910 seconds
Internal: There are remaining Allocations on the JobTempAlloc. This is a leak, and will impact performance
To Debug, run app with -diag-job-temp-memory-leak-validation cmd line argument. This will output the callstacks of the leaked allocations.
Number of updated asset objects reloaded before import = 0
Number of asset objects unloaded after import = 17
========================================================================
Received Import Request.
  Time since last request: 0.000020 seconds.
  path: Assets/Sprites/Foozle_2DS0011_Void_MainShip/Main Ship/Main Ship - Shields/Aseprite/Main Ship - Shields - Invincibility Shield.aseprite
  artifactKey: Guid(5f8978b3b3e85f04ba74256e0157b7b6) Importer(815301076,1909f56bfc062723c751e8b465ee728b)
Start importing Assets/Sprites/Foozle_2DS0011_Void_MainShip/Main Ship/Main Ship - Shields/Aseprite/Main Ship - Shields - Invincibility Shield.aseprite using Guid(5f8978b3b3e85f04ba74256e0157b7b6) Importer(815301076,1909f56bfc062723c751e8b465ee728b)  -> (artifact id: '5e5537e7e192059b1a80b2b5429dae72') in 0.079286 seconds
Internal: There are remaining Allocations on the JobTempAlloc. This is a leak, and will impact performance
To Debug, run app with -diag-job-temp-memory-leak-validation cmd line argument. This will output the callstacks of the leaked allocations.
Number of updated asset objects reloaded before import = 0
Number of asset objects unloaded after import = 21
========================================================================
Received Import Request.
  Time since last request: 0.000026 seconds.
  path: Assets/Sprites/Foozle_2DS0011_Void_MainShip/Main Ship/Main Ship - Shields/Aseprite/Main Ship - Shields - Round Shield.aseprite
  artifactKey: Guid(daa0eb49582f91c4183964945b90945f) Importer(815301076,1909f56bfc062723c751e8b465ee728b)
Start importing Assets/Sprites/Foozle_2DS0011_Void_MainShip/Main Ship/Main Ship - Shields/Aseprite/Main Ship - Shields - Round Shield.aseprite using Guid(daa0eb49582f91c4183964945b90945f) Importer(815301076,1909f56bfc062723c751e8b465ee728b)  -> (artifact id: 'e18a58707a96f507aa7efbc2561b1c5e') in 0.059368 seconds
Internal: There are remaining Allocations on the JobTempAlloc. This is a leak, and will impact performance
To Debug, run app with -diag-job-temp-memory-leak-validation cmd line argument. This will output the callstacks of the leaked allocations.
Number of updated asset objects reloaded before import = 0
Number of asset objects unloaded after import = 23
========================================================================
Received Import Request.
  Time since last request: 40.642742 seconds.
  path: Assets/Sprites/PowerUps
  artifactKey: Guid(4c751e30b789c2e4cab5169f7f8e785b) Importer(815301076,1909f56bfc062723c751e8b465ee728b)
Start importing Assets/Sprites/PowerUps using Guid(4c751e30b789c2e4cab5169f7f8e785b) Importer(815301076,1909f56bfc062723c751e8b465ee728b)  -> (artifact id: 'b7f6304b485faf0a6e8ea514cde42d25') in 0.001002 seconds
Internal: There are remaining Allocations on the JobTempAlloc. This is a leak, and will impact performance
To Debug, run app with -diag-job-temp-memory-leak-validation cmd line argument. This will output the callstacks of the leaked allocations.
Number of updated asset objects reloaded before import = 0
Number of asset objects unloaded after import = 0
