Using pre-set license
Built from '2022.3/staging' branch; Version is '2022.3.3f1 (7cdc2969a641) revision 8182825'; Using compiler version '192829333'; Build Type 'Release'
OS: 'Windows 11  (10.0.22000) 64bit Professional' Language: 'en' Physical Memory: 16251 MB
BatchMode: 1, IsHumanControllingUs: 0, StartBugReporterOnCrash: 0, Is64bit: 1, IsPro: 1

COMMAND LINE ARGUMENTS:
C:\Program Files\Unity\Hub\Editor\2022.3.3f1\Editor\Unity.exe
-adb2
-batchMode
-noUpm
-name
AssetImportWorker1
-projectPath
C:/Users/Gigabyte/Shooting_Game(EMC201_Project)
-logFile
Logs/AssetImportWorker1.log
-srvPort
51444
Successfully changed project path to: C:/Users/Gigabyte/Shooting_Game(EMC201_Project)
C:/Users/Gigabyte/Shooting_Game(EMC201_Project)
[UnityMemory] Configuration Parameters - Can be set up in boot.config
    "memorysetup-bucket-allocator-granularity=16"
    "memorysetup-bucket-allocator-bucket-count=8"
    "memorysetup-bucket-allocator-block-size=33554432"
    "memorysetup-bucket-allocator-block-count=8"
    "memorysetup-main-allocator-block-size=16777216"
    "memorysetup-thread-allocator-block-size=16777216"
    "memorysetup-gfx-main-allocator-block-size=16777216"
    "memorysetup-gfx-thread-allocator-block-size=16777216"
    "memorysetup-cache-allocator-block-size=4194304"
    "memorysetup-typetree-allocator-block-size=2097152"
    "memorysetup-profiler-bucket-allocator-granularity=16"
    "memorysetup-profiler-bucket-allocator-bucket-count=8"
    "memorysetup-profiler-bucket-allocator-block-size=33554432"
    "memorysetup-profiler-bucket-allocator-block-count=8"
    "memorysetup-profiler-allocator-block-size=16777216"
    "memorysetup-profiler-editor-allocator-block-size=1048576"
    "memorysetup-temp-allocator-size-main=16777216"
    "memorysetup-job-temp-allocator-block-size=2097152"
    "memorysetup-job-temp-allocator-block-size-background=1048576"
    "memorysetup-job-temp-allocator-reduction-small-platforms=262144"
    "memorysetup-allocator-temp-initial-block-size-main=262144"
    "memorysetup-allocator-temp-initial-block-size-worker=262144"
    "memorysetup-temp-allocator-size-background-worker=32768"
    "memorysetup-temp-allocator-size-job-worker=262144"
    "memorysetup-temp-allocator-size-preload-manager=33554432"
    "memorysetup-temp-allocator-size-nav-mesh-worker=65536"
    "memorysetup-temp-allocator-size-audio-worker=65536"
    "memorysetup-temp-allocator-size-cloud-worker=32768"
    "memorysetup-temp-allocator-size-gi-baking-worker=262144"
    "memorysetup-temp-allocator-size-gfx=262144"
Player connection [29416] Host "[IP] 192.168.100.22 [Port] 0 [Flags] 2 [Guid] 1600167900 [EditorId] 1600167900 [Version] 1048832 [Id] WindowsEditor(7,DESKTOP-MBVPMPE) [Debug] 1 [PackageName] WindowsEditor [ProjectName] Editor" joined multi-casting on [225.0.0.222:54997]...

Player connection [29416] Host "[IP] 192.168.100.22 [Port] 0 [Flags] 2 [Guid] 1600167900 [EditorId] 1600167900 [Version] 1048832 [Id] WindowsEditor(7,DESKTOP-MBVPMPE) [Debug] 1 [PackageName] WindowsEditor [ProjectName] Editor" joined alternative multi-casting on [225.0.0.222:34997]...

Refreshing native plugins compatible for Editor in 8.75 ms, found 4 plugins.
Preloading 0 native plugins for Editor in 0.00 ms.
Initialize engine version: 2022.3.3f1 (7cdc2969a641)
[Subsystems] Discovering subsystems at path C:/Program Files/Unity/Hub/Editor/2022.3.3f1/Editor/Data/Resources/UnitySubsystems
[Subsystems] Discovering subsystems at path C:/Users/Gigabyte/Shooting_Game(EMC201_Project)/Assets
GfxDevice: creating device client; threaded=0; jobified=0
Direct3D:
    Version:  Direct3D 11.0 [level 11.1]
    Renderer: NVIDIA GeForce GTX 1660 SUPER (ID=0x21c4)
    Vendor:   NVIDIA
    VRAM:     5980 MB
    Driver:   31.0.15.3640
Initialize mono
Mono path[0] = 'C:/Program Files/Unity/Hub/Editor/2022.3.3f1/Editor/Data/Managed'
Mono path[1] = 'C:/Program Files/Unity/Hub/Editor/2022.3.3f1/Editor/Data/MonoBleedingEdge/lib/mono/unityjit-win32'
Mono config path = 'C:/Program Files/Unity/Hub/Editor/2022.3.3f1/Editor/Data/MonoBleedingEdge/etc'
Using monoOptions --debugger-agent=transport=dt_socket,embedding=1,server=y,suspend=n,address=127.0.0.1:56052
Begin MonoManager ReloadAssembly
Registering precompiled unity dll's ...
Register platform support module: C:/Program Files/Unity/Hub/Editor/2022.3.3f1/Editor/Data/PlaybackEngines/WindowsStandaloneSupport/UnityEditor.WindowsStandalone.Extensions.dll
Registered in 0.004371 seconds.
- Loaded All Assemblies, in  0.256 seconds
Native extension for WindowsStandalone target not found
Mono: successfully reloaded assembly
- Finished resetting the current domain, in  0.212 seconds
Domain Reload Profiling: 467ms
	BeginReloadAssembly (66ms)
		ExecutionOrderSort (0ms)
		DisableScriptedObjects (0ms)
		BackupInstance (0ms)
		ReleaseScriptingObjects (0ms)
		CreateAndSetChildDomain (1ms)
	RebuildCommonClasses (26ms)
	RebuildNativeTypeToScriptingClass (9ms)
	initialDomainReloadingComplete (44ms)
	LoadAllAssembliesAndSetupDomain (109ms)
		LoadAssemblies (65ms)
		RebuildTransferFunctionScriptingTraits (0ms)
		AnalyzeDomain (105ms)
			TypeCache.Refresh (104ms)
				TypeCache.ScanAssembly (95ms)
			ScanForSourceGeneratedMonoScriptInfo (0ms)
			ResolveRequiredComponents (0ms)
	FinalizeReload (213ms)
		ReleaseScriptCaches (0ms)
		RebuildScriptCaches (0ms)
		SetupLoadedEditorAssemblies (164ms)
			LogAssemblyErrors (0ms)
			InitializePlatformSupportModulesInManaged (7ms)
			SetLoadedEditorAssemblies (6ms)
			RefreshPlugins (0ms)
			BeforeProcessingInitializeOnLoad (2ms)
			ProcessInitializeOnLoadAttributes (110ms)
			ProcessInitializeOnLoadMethodAttributes (39ms)
			AfterProcessingInitializeOnLoad (0ms)
			EditorAssembliesLoaded (0ms)
		ExecutionOrderSort2 (0ms)
		AwakeInstancesAfterBackupRestoration (0ms)
========================================================================
Worker process is ready to serve import requests
Begin MonoManager ReloadAssembly
Symbol file LoadedFromMemory doesn't match image C:\Users\Gigabyte\Shooting_Game(EMC201_Project)\Library\PackageCache\com.unity.visualscripting@1.8.0\Editor\VisualScripting.Core\Dependencies\YamlDotNet\Unity.VisualScripting.YamlDotNet.dll
Symbol file LoadedFromMemory doesn't match image C:\Users\Gigabyte\Shooting_Game(EMC201_Project)\Library\PackageCache\com.unity.visualscripting@1.8.0\Editor\VisualScripting.Core\Dependencies\DotNetZip\Unity.VisualScripting.IonicZip.dll
- Loaded All Assemblies, in  0.563 seconds
Refreshing native plugins compatible for Editor in 3.78 ms, found 4 plugins.
Native extension for WindowsStandalone target not found
Mono: successfully reloaded assembly
- Finished resetting the current domain, in  0.426 seconds
Domain Reload Profiling: 987ms
	BeginReloadAssembly (94ms)
		ExecutionOrderSort (0ms)
		DisableScriptedObjects (4ms)
		BackupInstance (0ms)
		ReleaseScriptingObjects (0ms)
		CreateAndSetChildDomain (19ms)
	RebuildCommonClasses (22ms)
	RebuildNativeTypeToScriptingClass (7ms)
	initialDomainReloadingComplete (34ms)
	LoadAllAssembliesAndSetupDomain (404ms)
		LoadAssemblies (212ms)
		RebuildTransferFunctionScriptingTraits (0ms)
		AnalyzeDomain (231ms)
			TypeCache.Refresh (211ms)
				TypeCache.ScanAssembly (201ms)
			ScanForSourceGeneratedMonoScriptInfo (17ms)
			ResolveRequiredComponents (3ms)
	FinalizeReload (427ms)
		ReleaseScriptCaches (0ms)
		RebuildScriptCaches (0ms)
		SetupLoadedEditorAssemblies (304ms)
			LogAssemblyErrors (0ms)
			InitializePlatformSupportModulesInManaged (4ms)
			SetLoadedEditorAssemblies (3ms)
			RefreshPlugins (0ms)
			BeforeProcessingInitializeOnLoad (55ms)
			ProcessInitializeOnLoadAttributes (211ms)
			ProcessInitializeOnLoadMethodAttributes (25ms)
			AfterProcessingInitializeOnLoad (5ms)
			EditorAssembliesLoaded (0ms)
		ExecutionOrderSort2 (0ms)
		AwakeInstancesAfterBackupRestoration (5ms)
Launched and connected shader compiler UnityShaderCompiler.exe after 0.03 seconds
Refreshing native plugins compatible for Editor in 3.73 ms, found 4 plugins.
Preloading 0 native plugins for Editor in 0.00 ms.
Unloading 3998 Unused Serialized files (Serialized files now loaded: 0)
Unloading 69 unused Assets / (244.9 KB). Loaded Objects now: 4456.
Memory consumption went from 138.8 MB to 138.6 MB.
Total: 2.780800 ms (FindLiveObjects: 0.208500 ms CreateObjectMapping: 0.114300 ms MarkObjects: 2.303900 ms  DeleteObjects: 0.153400 ms)

AssetImportParameters requested are different than current active one (requested -> active):
  custom:container-demuxer-ogg: 62fdf1f143b41e24485cea50d1cbac27 -> 
  custom:video-decoder-ogg-theora: a1e56fd34408186e4bbccfd4996cb3dc -> 
  custom:framework-win-MediaFoundation: 216162199b28c13a410421893ffa2e32 -> 
  custom:container-demuxer-webm: 4f35f7cbe854078d1ac9338744f61a02 -> 
  custom:container-muxer-webm: aa71ff27fc2769a1b78a27578f13a17b -> 
  custom:video-decoder-webm-vp8: 9c59270c3fd7afecdb556c50c9e8de78 -> 
  custom:AudioImporter_EditorPlatform: d09bf68614088b80899f8185d706f6e7 -> 
  custom:video-encoder-webm-vp8: eb34c28f22e8b96e1ab97ce403110664 -> 
  custom:audio-decoder-ogg-vorbis: bf7c407c2cedff20999df2af8eb42d56 -> 
  custom:audio-encoder-webm-vorbis: bf7c407c2cedff20999df2af8eb42d56 -> 
========================================================================
Received Import Request.
  Time since last request: 96008.081896 seconds.
  path: Assets/Sprites/Ships/Main Ship - Base - Full health.png
  artifactKey: Guid(4604333ec9465e2458de630b72417e1b) Importer(815301076,1909f56bfc062723c751e8b465ee728b)
Start importing Assets/Sprites/Ships/Main Ship - Base - Full health.png using Guid(4604333ec9465e2458de630b72417e1b) Importer(815301076,1909f56bfc062723c751e8b465ee728b)  -> (artifact id: 'dce02e49caa7421cce32e9a7b502fe5c') in 0.086189 seconds
Number of updated asset objects reloaded before import = 0
Number of asset objects unloaded after import = 3
========================================================================
Received Import Request.
  Time since last request: 0.000039 seconds.
  path: Assets/Sprites/Ships/Main Ship - Engines - Burst Engine - Spritesheet.png
  artifactKey: Guid(a7a8e2a2f0230a043babf407aa8936ce) Importer(815301076,1909f56bfc062723c751e8b465ee728b)
Start importing Assets/Sprites/Ships/Main Ship - Engines - Burst Engine - Spritesheet.png using Guid(a7a8e2a2f0230a043babf407aa8936ce) Importer(815301076,1909f56bfc062723c751e8b465ee728b)  -> (artifact id: 'f90e668b9e15340ee217b561b9f8281a') in 0.028154 seconds
Number of updated asset objects reloaded before import = 0
Number of asset objects unloaded after import = 3
========================================================================
Received Import Request.
  Time since last request: 0.000022 seconds.
  path: Assets/Sprites/Ships/Main Ship - Shields - Front Shield.png
  artifactKey: Guid(cb0e50ffe4f860f4cb1f7b0ff092d95c) Importer(815301076,1909f56bfc062723c751e8b465ee728b)
Start importing Assets/Sprites/Ships/Main Ship - Shields - Front Shield.png using Guid(cb0e50ffe4f860f4cb1f7b0ff092d95c) Importer(815301076,1909f56bfc062723c751e8b465ee728b)  -> (artifact id: '9e7453538e758f3e95ba7e3ebcc8d9ec') in 0.018247 seconds
Number of updated asset objects reloaded before import = 0
Number of asset objects unloaded after import = 3
========================================================================
Received Import Request.
  Time since last request: 0.000018 seconds.
  path: Assets/Sprites/Ships/Main Ship - Engines - Base Engine - Idle.png
  artifactKey: Guid(2554155c5ff5a8c468b6a720a510adf6) Importer(815301076,1909f56bfc062723c751e8b465ee728b)
Start importing Assets/Sprites/Ships/Main Ship - Engines - Base Engine - Idle.png using Guid(2554155c5ff5a8c468b6a720a510adf6) Importer(815301076,1909f56bfc062723c751e8b465ee728b)  -> (artifact id: '31a312c105de07a035ce862f249e6569') in 0.013776 seconds
Number of updated asset objects reloaded before import = 0
Number of asset objects unloaded after import = 3
========================================================================
Received Import Request.
  Time since last request: 0.000017 seconds.
  path: Assets/Sprites/Ships/Main Ship - Engines - Burst Engine - Idle.png
  artifactKey: Guid(fcd4f54358a51c54c835556a0f53d578) Importer(815301076,1909f56bfc062723c751e8b465ee728b)
Start importing Assets/Sprites/Ships/Main Ship - Engines - Burst Engine - Idle.png using Guid(fcd4f54358a51c54c835556a0f53d578) Importer(815301076,1909f56bfc062723c751e8b465ee728b)  -> (artifact id: '2fb8db0415467a8486e99c0617caee84') in 0.023215 seconds
Number of updated asset objects reloaded before import = 0
Number of asset objects unloaded after import = 3
========================================================================
Received Import Request.
  Time since last request: 0.000013 seconds.
  path: Assets/Sprites/Ships/Main ship weapon - Projectile - Big Space Gun.png
  artifactKey: Guid(5579e8db6b689f346808de0ed73eb5fe) Importer(815301076,1909f56bfc062723c751e8b465ee728b)
Start importing Assets/Sprites/Ships/Main ship weapon - Projectile - Big Space Gun.png using Guid(5579e8db6b689f346808de0ed73eb5fe) Importer(815301076,1909f56bfc062723c751e8b465ee728b)  -> (artifact id: 'cdf07040443df2f0c6dbdd0a6f6bd315') in 0.019383 seconds
Number of updated asset objects reloaded before import = 0
Number of asset objects unloaded after import = 3
========================================================================
Received Import Request.
  Time since last request: 0.000019 seconds.
  path: Assets/Sprites/Ships/Main Ship - Engines - Big Pulse Engine - Powering.png
  artifactKey: Guid(ed4fc20749b8fe14aa027109354300cb) Importer(815301076,1909f56bfc062723c751e8b465ee728b)
Start importing Assets/Sprites/Ships/Main Ship - Engines - Big Pulse Engine - Powering.png using Guid(ed4fc20749b8fe14aa027109354300cb) Importer(815301076,1909f56bfc062723c751e8b465ee728b)  -> (artifact id: 'c461e3426a3f1a5de8b05739574f1b00') in 0.020021 seconds
Number of updated asset objects reloaded before import = 0
Number of asset objects unloaded after import = 3
========================================================================
Received Import Request.
  Time since last request: 0.000015 seconds.
  path: Assets/Sprites/Ships/Main Ship - Engines - Supercharged Engine - Powering.png
  artifactKey: Guid(3c3c025d89b488244b6797ce631e7610) Importer(815301076,1909f56bfc062723c751e8b465ee728b)
Start importing Assets/Sprites/Ships/Main Ship - Engines - Supercharged Engine - Powering.png using Guid(3c3c025d89b488244b6797ce631e7610) Importer(815301076,1909f56bfc062723c751e8b465ee728b)  -> (artifact id: '5ac2de2080b36cc705793bfcfe239695') in 0.021925 seconds
Number of updated asset objects reloaded before import = 0
Number of asset objects unloaded after import = 3
========================================================================
Received Import Request.
  Time since last request: 0.000017 seconds.
  path: Assets/Sprites/Ships/Main Ship - Base - Slight damage.png
  artifactKey: Guid(70c368838f5284e44891958829bf1e85) Importer(815301076,1909f56bfc062723c751e8b465ee728b)
Start importing Assets/Sprites/Ships/Main Ship - Base - Slight damage.png using Guid(70c368838f5284e44891958829bf1e85) Importer(815301076,1909f56bfc062723c751e8b465ee728b)  -> (artifact id: '709ee9d355fdc7a182b06ae5c0a741a6') in 0.016964 seconds
Number of updated asset objects reloaded before import = 0
Number of asset objects unloaded after import = 3
========================================================================
Received Import Request.
  Time since last request: 0.000018 seconds.
  path: Assets/Sprites/Ships/Main Ship - Base - Very damaged.png
  artifactKey: Guid(20c6d2e22bc203846904a3dfb264a952) Importer(815301076,1909f56bfc062723c751e8b465ee728b)
Start importing Assets/Sprites/Ships/Main Ship - Base - Very damaged.png using Guid(20c6d2e22bc203846904a3dfb264a952) Importer(815301076,1909f56bfc062723c751e8b465ee728b)  -> (artifact id: '1f6d9471f9d01dbfec10f32b82331822') in 0.019760 seconds
Number of updated asset objects reloaded before import = 0
Number of asset objects unloaded after import = 3
========================================================================
Received Import Request.
  Time since last request: 0.000050 seconds.
  path: Assets/Sprites/Ships/Main Ship - Engines - Burst Engine.png
  artifactKey: Guid(b207a6dfd0afc4e43822edca3ce8c59c) Importer(815301076,1909f56bfc062723c751e8b465ee728b)
Start importing Assets/Sprites/Ships/Main Ship - Engines - Burst Engine.png using Guid(b207a6dfd0afc4e43822edca3ce8c59c) Importer(815301076,1909f56bfc062723c751e8b465ee728b)  -> (artifact id: '66d73fba5e69045500fa94a6ab185704') in 0.017104 seconds
Number of updated asset objects reloaded before import = 0
Number of asset objects unloaded after import = 3
========================================================================
Received Import Request.
  Time since last request: 0.000017 seconds.
  path: Assets/Sprites/Ships/Main Ship - Engines - Supercharged Engine.png
  artifactKey: Guid(36e7b152a2640274daaa0fa7fa871d19) Importer(815301076,1909f56bfc062723c751e8b465ee728b)
Start importing Assets/Sprites/Ships/Main Ship - Engines - Supercharged Engine.png using Guid(36e7b152a2640274daaa0fa7fa871d19) Importer(815301076,1909f56bfc062723c751e8b465ee728b)  -> (artifact id: 'aef9d9acc7f15a40d87cadc3ed871e9f') in 0.030552 seconds
Number of updated asset objects reloaded before import = 0
Number of asset objects unloaded after import = 3
========================================================================
Received Import Request.
  Time since last request: 0.000015 seconds.
  path: Assets/Sprites/Ships/Main ship weapon - Projectile - Auto cannon bullet.png
  artifactKey: Guid(d45ff2f8d6df0694d9f3e1515b088dce) Importer(815301076,1909f56bfc062723c751e8b465ee728b)
Start importing Assets/Sprites/Ships/Main ship weapon - Projectile - Auto cannon bullet.png using Guid(d45ff2f8d6df0694d9f3e1515b088dce) Importer(815301076,1909f56bfc062723c751e8b465ee728b)  -> (artifact id: 'ad67a058b43d378ec01efd197bedda76') in 0.006523 seconds
Number of updated asset objects reloaded before import = 0
Number of asset objects unloaded after import = 3
========================================================================
Received Import Request.
  Time since last request: 0.000017 seconds.
  path: Assets/Sprites/Ships/Main Ship - Engines - Supercharged Engine - Idle.png
  artifactKey: Guid(7ed43eef1e46a1b4eb197c710329550c) Importer(815301076,1909f56bfc062723c751e8b465ee728b)
Start importing Assets/Sprites/Ships/Main Ship - Engines - Supercharged Engine - Idle.png using Guid(7ed43eef1e46a1b4eb197c710329550c) Importer(815301076,1909f56bfc062723c751e8b465ee728b)  -> (artifact id: 'e56d652c4d29aa07fbb0b2c4ee1138c4') in 0.005755 seconds
Number of updated asset objects reloaded before import = 0
Number of asset objects unloaded after import = 3
========================================================================
Received Import Request.
  Time since last request: 0.000023 seconds.
  path: Assets/Sprites/Ships/Main Ship - Engines - Big Pulse Engine - Idle.png
  artifactKey: Guid(6483f408cedf76946a402aa22223c4c3) Importer(815301076,1909f56bfc062723c751e8b465ee728b)
Start importing Assets/Sprites/Ships/Main Ship - Engines - Big Pulse Engine - Idle.png using Guid(6483f408cedf76946a402aa22223c4c3) Importer(815301076,1909f56bfc062723c751e8b465ee728b)  -> (artifact id: '5f482a6bcf432980360b1a7d2174b84e') in 0.006824 seconds
Number of updated asset objects reloaded before import = 0
Number of asset objects unloaded after import = 3
========================================================================
Received Import Request.
  Time since last request: 0.000015 seconds.
  path: Assets/Sprites/Ships/Main Ship - Shields - Round Shield.png
  artifactKey: Guid(e2e4a5a4912b0244dac152ec8d4283cb) Importer(815301076,1909f56bfc062723c751e8b465ee728b)
Start importing Assets/Sprites/Ships/Main Ship - Shields - Round Shield.png using Guid(e2e4a5a4912b0244dac152ec8d4283cb) Importer(815301076,1909f56bfc062723c751e8b465ee728b)  -> (artifact id: '26f2aa2287a660fcd25d3e5bd8fb4dec') in 0.007357 seconds
Number of updated asset objects reloaded before import = 0
Number of asset objects unloaded after import = 3
Editor requested this worker to shutdown with reason: Scaling down because of idle timeout
TcpMessagingSession - receive error: operation aborted. errorcode: 995, details: The I/O operation has been aborted because of either a thread exit or an application request.
AssetImportWorker is now disconnected from the server
Process exiting
Exiting without the bug reporter. Application will terminate with return code 0